"pkg-config --exists /home/ubuntu/Bugsinc/bugsinc/vendor/cache/ruby/2.5.0/gems/sqlite3-1.5.3/ports/x86_64-linux-gnu/sqlite3/3.39.4/lib/pkgconfig/sqlite3.pc"
| pkg-config --libs /home/ubuntu/Bugsinc/bugsinc/vendor/cache/ruby/2.5.0/gems/sqlite3-1.5.3/ports/x86_64-linux-gnu/sqlite3/3.39.4/lib/pkgconfig/sqlite3.pc
=> "-L/home/ubuntu/Bugsinc/bugsinc/vendor/cache/ruby/2.5.0/gems/sqlite3-1.5.3/ports/x86_64-linux-gnu/sqlite3/3.39.4/lib -lsqlite3\n"
"gcc -o conftest -I/home/ubuntu/.rvm/rubies/ruby-2.5.0/include/ruby-2.5.0/x86_64-linux -I/home/ubuntu/.rvm/rubies/ruby-2.5.0/include/ruby-2.5.0/ruby/backward -I/home/ubuntu/.rvm/rubies/ruby-2.5.0/include/ruby-2.5.0 -I.    -O3 -ggdb3 -Wall -Wextra -Wno-unused-parameter -Wno-parentheses -Wno-long-long -Wno-missing-field-initializers -Wno-tautological-compare -Wno-parentheses-equality -Wno-constant-logical-operand -Wno-self-assign -Wunused-variable -Wimplicit-int -Wpointer-arith -Wwrite-strings -Wdeclaration-after-statement -Wimplicit-function-declaration -Wdeprecated-declarations -Wmisleading-indentation -Wno-packed-bitfield-compat -Wsuggest-attribute=noreturn -Wsuggest-attribute=format -Wimplicit-fallthrough=0 -Wduplicated-cond -Wrestrict  -fPIC conftest.c  -L. -L/home/ubuntu/.rvm/rubies/ruby-2.5.0/lib -Wl,-rpath,/home/ubuntu/.rvm/rubies/ruby-2.5.0/lib -L. -fstack-protector -rdynamic -Wl,-export-dynamic     -Wl,-rpath,'/../lib' -Wl,-rpath,'/../lib' -lruby  -lpthread -lgmp -ldl -lcrypt -lm   -lc"
checked program was:
/* begin */
1: #include "ruby.h"
2: 
3: int main(int argc, char **argv)
4: {
5:   return 0;
6: }
/* end */

"gcc -o conftest -I/home/ubuntu/.rvm/rubies/ruby-2.5.0/include/ruby-2.5.0/x86_64-linux -I/home/ubuntu/.rvm/rubies/ruby-2.5.0/include/ruby-2.5.0/ruby/backward -I/home/ubuntu/.rvm/rubies/ruby-2.5.0/include/ruby-2.5.0 -I.    -O3 -ggdb3 -Wall -Wextra -Wno-unused-parameter -Wno-parentheses -Wno-long-long -Wno-missing-field-initializers -Wno-tautological-compare -Wno-parentheses-equality -Wno-constant-logical-operand -Wno-self-assign -Wunused-variable -Wimplicit-int -Wpointer-arith -Wwrite-strings -Wdeclaration-after-statement -Wimplicit-function-declaration -Wdeprecated-declarations -Wmisleading-indentation -Wno-packed-bitfield-compat -Wsuggest-attribute=noreturn -Wsuggest-attribute=format -Wimplicit-fallthrough=0 -Wduplicated-cond -Wrestrict  -fPIC conftest.c  -L. -L/home/ubuntu/.rvm/rubies/ruby-2.5.0/lib -Wl,-rpath,/home/ubuntu/.rvm/rubies/ruby-2.5.0/lib -L. -fstack-protector -rdynamic -Wl,-export-dynamic     -Wl,-rpath,'/../lib' -Wl,-rpath,'/../lib' -lruby -L/home/ubuntu/Bugsinc/bugsinc/vendor/cache/ruby/2.5.0/gems/sqlite3-1.5.3/ports/x86_64-linux-gnu/sqlite3/3.39.4/lib -lsqlite3 -lpthread -lgmp -ldl -lcrypt -lm   -lc"
checked program was:
/* begin */
1: #include "ruby.h"
2: 
3: int main(int argc, char **argv)
4: {
5:   return 0;
6: }
/* end */

| pkg-config --cflags-only-I /home/ubuntu/Bugsinc/bugsinc/vendor/cache/ruby/2.5.0/gems/sqlite3-1.5.3/ports/x86_64-linux-gnu/sqlite3/3.39.4/lib/pkgconfig/sqlite3.pc
=> "-I/home/ubuntu/Bugsinc/bugsinc/vendor/cache/ruby/2.5.0/gems/sqlite3-1.5.3/ports/x86_64-linux-gnu/sqlite3/3.39.4/include\n"
| pkg-config --cflags-only-other /home/ubuntu/Bugsinc/bugsinc/vendor/cache/ruby/2.5.0/gems/sqlite3-1.5.3/ports/x86_64-linux-gnu/sqlite3/3.39.4/lib/pkgconfig/sqlite3.pc
=> "\n"
| pkg-config --libs-only-l /home/ubuntu/Bugsinc/bugsinc/vendor/cache/ruby/2.5.0/gems/sqlite3-1.5.3/ports/x86_64-linux-gnu/sqlite3/3.39.4/lib/pkgconfig/sqlite3.pc
=> "-lsqlite3\n"
package configuration for /home/ubuntu/Bugsinc/bugsinc/vendor/cache/ruby/2.5.0/gems/sqlite3-1.5.3/ports/x86_64-linux-gnu/sqlite3/3.39.4/lib/pkgconfig/sqlite3.pc
cflags: 
ldflags: -L/home/ubuntu/Bugsinc/bugsinc/vendor/cache/ruby/2.5.0/gems/sqlite3-1.5.3/ports/x86_64-linux-gnu/sqlite3/3.39.4/lib
libs: -lsqlite3

| ["pkg-config", "--libs", "--static", "/home/ubuntu/Bugsinc/bugsinc/vendor/cache/ruby/2.5.0/gems/sqlite3-1.5.3/ports/x86_64-linux-gnu/sqlite3/3.39.4/lib/pkgconfig/sqlite3.pc"]
block in append_ldflags: checking for whether -L/home/ubuntu/Bugsinc/bugsinc/vendor/cache/ruby/2.5.0/gems/sqlite3-1.5.3/ports/x86_64-linux-gnu/sqlite3/3.39.4/lib is accepted as LDFLAGS... -------------------- yes

"gcc -o conftest -I/home/ubuntu/.rvm/rubies/ruby-2.5.0/include/ruby-2.5.0/x86_64-linux -I/home/ubuntu/.rvm/rubies/ruby-2.5.0/include/ruby-2.5.0/ruby/backward -I/home/ubuntu/.rvm/rubies/ruby-2.5.0/include/ruby-2.5.0 -I. -I/home/ubuntu/Bugsinc/bugsinc/vendor/cache/ruby/2.5.0/gems/sqlite3-1.5.3/ports/x86_64-linux-gnu/sqlite3/3.39.4/include    -O3 -ggdb3 -Wall -Wextra -Wno-unused-parameter -Wno-parentheses -Wno-long-long -Wno-missing-field-initializers -Wno-tautological-compare -Wno-parentheses-equality -Wno-constant-logical-operand -Wno-self-assign -Wunused-variable -Wimplicit-int -Wpointer-arith -Wwrite-strings -Wdeclaration-after-statement -Wimplicit-function-declaration -Wdeprecated-declarations -Wmisleading-indentation -Wno-packed-bitfield-compat -Wsuggest-attribute=noreturn -Wsuggest-attribute=format -Wimplicit-fallthrough=0 -Wduplicated-cond -Wrestrict  -fPIC  conftest.c  -L. -L/home/ubuntu/.rvm/rubies/ruby-2.5.0/lib -Wl,-rpath,/home/ubuntu/.rvm/rubies/ruby-2.5.0/lib -L. -fstack-protector -rdynamic -Wl,-export-dynamic -L/home/ubuntu/Bugsinc/bugsinc/vendor/cache/ruby/2.5.0/gems/sqlite3-1.5.3/ports/x86_64-linux-gnu/sqlite3/3.39.4/lib     -lsqlite3 -Wl,-rpath,'/../lib' -Wl,-rpath,'/../lib' -lruby -L/home/ubuntu/Bugsinc/bugsinc/vendor/cache/ruby/2.5.0/gems/sqlite3-1.5.3/ports/x86_64-linux-gnu/sqlite3/3.39.4/lib -lpthread -lgmp -ldl -lcrypt -lm   -lc"
checked program was:
/* begin */
1: #include "ruby.h"
2: 
3: int main(int argc, char **argv)
4: {
5:   return 0;
6: }
/* end */

--------------------

block in append_ldflags: checking for whether -lsqlite3 is accepted as LDFLAGS... -------------------- yes

"gcc -o conftest -I/home/ubuntu/.rvm/rubies/ruby-2.5.0/include/ruby-2.5.0/x86_64-linux -I/home/ubuntu/.rvm/rubies/ruby-2.5.0/include/ruby-2.5.0/ruby/backward -I/home/ubuntu/.rvm/rubies/ruby-2.5.0/include/ruby-2.5.0 -I. -I/home/ubuntu/Bugsinc/bugsinc/vendor/cache/ruby/2.5.0/gems/sqlite3-1.5.3/ports/x86_64-linux-gnu/sqlite3/3.39.4/include    -O3 -ggdb3 -Wall -Wextra -Wno-unused-parameter -Wno-parentheses -Wno-long-long -Wno-missing-field-initializers -Wno-tautological-compare -Wno-parentheses-equality -Wno-constant-logical-operand -Wno-self-assign -Wunused-variable -Wimplicit-int -Wpointer-arith -Wwrite-strings -Wdeclaration-after-statement -Wimplicit-function-declaration -Wdeprecated-declarations -Wmisleading-indentation -Wno-packed-bitfield-compat -Wsuggest-attribute=noreturn -Wsuggest-attribute=format -Wimplicit-fallthrough=0 -Wduplicated-cond -Wrestrict  -fPIC  conftest.c  -L. -L/home/ubuntu/.rvm/rubies/ruby-2.5.0/lib -Wl,-rpath,/home/ubuntu/.rvm/rubies/ruby-2.5.0/lib -L. -fstack-protector -rdynamic -Wl,-export-dynamic -L/home/ubuntu/Bugsinc/bugsinc/vendor/cache/ruby/2.5.0/gems/sqlite3-1.5.3/ports/x86_64-linux-gnu/sqlite3/3.39.4/lib -L/home/ubuntu/Bugsinc/bugsinc/vendor/cache/ruby/2.5.0/gems/sqlite3-1.5.3/ports/x86_64-linux-gnu/sqlite3/3.39.4/lib     -lsqlite3 -Wl,-rpath,'/../lib' -Wl,-rpath,'/../lib' -lruby -lsqlite3 -lpthread -lgmp -ldl -lcrypt -lm   -lc"
checked program was:
/* begin */
1: #include "ruby.h"
2: 
3: int main(int argc, char **argv)
4: {
5:   return 0;
6: }
/* end */

--------------------

block in append_ldflags: checking for whether -lz is accepted as LDFLAGS... -------------------- yes

"gcc -o conftest -I/home/ubuntu/.rvm/rubies/ruby-2.5.0/include/ruby-2.5.0/x86_64-linux -I/home/ubuntu/.rvm/rubies/ruby-2.5.0/include/ruby-2.5.0/ruby/backward -I/home/ubuntu/.rvm/rubies/ruby-2.5.0/include/ruby-2.5.0 -I. -I/home/ubuntu/Bugsinc/bugsinc/vendor/cache/ruby/2.5.0/gems/sqlite3-1.5.3/ports/x86_64-linux-gnu/sqlite3/3.39.4/include    -O3 -ggdb3 -Wall -Wextra -Wno-unused-parameter -Wno-parentheses -Wno-long-long -Wno-missing-field-initializers -Wno-tautological-compare -Wno-parentheses-equality -Wno-constant-logical-operand -Wno-self-assign -Wunused-variable -Wimplicit-int -Wpointer-arith -Wwrite-strings -Wdeclaration-after-statement -Wimplicit-function-declaration -Wdeprecated-declarations -Wmisleading-indentation -Wno-packed-bitfield-compat -Wsuggest-attribute=noreturn -Wsuggest-attribute=format -Wimplicit-fallthrough=0 -Wduplicated-cond -Wrestrict  -fPIC  conftest.c  -L. -L/home/ubuntu/.rvm/rubies/ruby-2.5.0/lib -Wl,-rpath,/home/ubuntu/.rvm/rubies/ruby-2.5.0/lib -L. -fstack-protector -rdynamic -Wl,-export-dynamic -L/home/ubuntu/Bugsinc/bugsinc/vendor/cache/ruby/2.5.0/gems/sqlite3-1.5.3/ports/x86_64-linux-gnu/sqlite3/3.39.4/lib -L/home/ubuntu/Bugsinc/bugsinc/vendor/cache/ruby/2.5.0/gems/sqlite3-1.5.3/ports/x86_64-linux-gnu/sqlite3/3.39.4/lib -lsqlite3     -lsqlite3 -Wl,-rpath,'/../lib' -Wl,-rpath,'/../lib' -lruby -lz -lpthread -lgmp -ldl -lcrypt -lm   -lc"
checked program was:
/* begin */
1: #include "ruby.h"
2: 
3: int main(int argc, char **argv)
4: {
5:   return 0;
6: }
/* end */

--------------------

block in append_ldflags: checking for whether -lm is accepted as LDFLAGS... -------------------- yes

"gcc -o conftest -I/home/ubuntu/.rvm/rubies/ruby-2.5.0/include/ruby-2.5.0/x86_64-linux -I/home/ubuntu/.rvm/rubies/ruby-2.5.0/include/ruby-2.5.0/ruby/backward -I/home/ubuntu/.rvm/rubies/ruby-2.5.0/include/ruby-2.5.0 -I. -I/home/ubuntu/Bugsinc/bugsinc/vendor/cache/ruby/2.5.0/gems/sqlite3-1.5.3/ports/x86_64-linux-gnu/sqlite3/3.39.4/include    -O3 -ggdb3 -Wall -Wextra -Wno-unused-parameter -Wno-parentheses -Wno-long-long -Wno-missing-field-initializers -Wno-tautological-compare -Wno-parentheses-equality -Wno-constant-logical-operand -Wno-self-assign -Wunused-variable -Wimplicit-int -Wpointer-arith -Wwrite-strings -Wdeclaration-after-statement -Wimplicit-function-declaration -Wdeprecated-declarations -Wmisleading-indentation -Wno-packed-bitfield-compat -Wsuggest-attribute=noreturn -Wsuggest-attribute=format -Wimplicit-fallthrough=0 -Wduplicated-cond -Wrestrict  -fPIC  conftest.c  -L. -L/home/ubuntu/.rvm/rubies/ruby-2.5.0/lib -Wl,-rpath,/home/ubuntu/.rvm/rubies/ruby-2.5.0/lib -L. -fstack-protector -rdynamic -Wl,-export-dynamic -L/home/ubuntu/Bugsinc/bugsinc/vendor/cache/ruby/2.5.0/gems/sqlite3-1.5.3/ports/x86_64-linux-gnu/sqlite3/3.39.4/lib -L/home/ubuntu/Bugsinc/bugsinc/vendor/cache/ruby/2.5.0/gems/sqlite3-1.5.3/ports/x86_64-linux-gnu/sqlite3/3.39.4/lib -lsqlite3 -lz     -lsqlite3 -Wl,-rpath,'/../lib' -Wl,-rpath,'/../lib' -lruby -lm -lpthread -lgmp -ldl -lcrypt -lm   -lc"
checked program was:
/* begin */
1: #include "ruby.h"
2: 
3: int main(int argc, char **argv)
4: {
5:   return 0;
6: }
/* end */

--------------------

block in append_ldflags: checking for whether -ldl is accepted as LDFLAGS... -------------------- yes

"gcc -o conftest -I/home/ubuntu/.rvm/rubies/ruby-2.5.0/include/ruby-2.5.0/x86_64-linux -I/home/ubuntu/.rvm/rubies/ruby-2.5.0/include/ruby-2.5.0/ruby/backward -I/home/ubuntu/.rvm/rubies/ruby-2.5.0/include/ruby-2.5.0 -I. -I/home/ubuntu/Bugsinc/bugsinc/vendor/cache/ruby/2.5.0/gems/sqlite3-1.5.3/ports/x86_64-linux-gnu/sqlite3/3.39.4/include    -O3 -ggdb3 -Wall -Wextra -Wno-unused-parameter -Wno-parentheses -Wno-long-long -Wno-missing-field-initializers -Wno-tautological-compare -Wno-parentheses-equality -Wno-constant-logical-operand -Wno-self-assign -Wunused-variable -Wimplicit-int -Wpointer-arith -Wwrite-strings -Wdeclaration-after-statement -Wimplicit-function-declaration -Wdeprecated-declarations -Wmisleading-indentation -Wno-packed-bitfield-compat -Wsuggest-attribute=noreturn -Wsuggest-attribute=format -Wimplicit-fallthrough=0 -Wduplicated-cond -Wrestrict  -fPIC  conftest.c  -L. -L/home/ubuntu/.rvm/rubies/ruby-2.5.0/lib -Wl,-rpath,/home/ubuntu/.rvm/rubies/ruby-2.5.0/lib -L. -fstack-protector -rdynamic -Wl,-export-dynamic -L/home/ubuntu/Bugsinc/bugsinc/vendor/cache/ruby/2.5.0/gems/sqlite3-1.5.3/ports/x86_64-linux-gnu/sqlite3/3.39.4/lib -L/home/ubuntu/Bugsinc/bugsinc/vendor/cache/ruby/2.5.0/gems/sqlite3-1.5.3/ports/x86_64-linux-gnu/sqlite3/3.39.4/lib -lsqlite3 -lz -lm     -lsqlite3 -Wl,-rpath,'/../lib' -Wl,-rpath,'/../lib' -lruby -ldl -lpthread -lgmp -ldl -lcrypt -lm   -lc"
checked program was:
/* begin */
1: #include "ruby.h"
2: 
3: int main(int argc, char **argv)
4: {
5:   return 0;
6: }
/* end */

--------------------

block in append_ldflags: checking for whether -lpthread is accepted as LDFLAGS... -------------------- yes

"gcc -o conftest -I/home/ubuntu/.rvm/rubies/ruby-2.5.0/include/ruby-2.5.0/x86_64-linux -I/home/ubuntu/.rvm/rubies/ruby-2.5.0/include/ruby-2.5.0/ruby/backward -I/home/ubuntu/.rvm/rubies/ruby-2.5.0/include/ruby-2.5.0 -I. -I/home/ubuntu/Bugsinc/bugsinc/vendor/cache/ruby/2.5.0/gems/sqlite3-1.5.3/ports/x86_64-linux-gnu/sqlite3/3.39.4/include    -O3 -ggdb3 -Wall -Wextra -Wno-unused-parameter -Wno-parentheses -Wno-long-long -Wno-missing-field-initializers -Wno-tautological-compare -Wno-parentheses-equality -Wno-constant-logical-operand -Wno-self-assign -Wunused-variable -Wimplicit-int -Wpointer-arith -Wwrite-strings -Wdeclaration-after-statement -Wimplicit-function-declaration -Wdeprecated-declarations -Wmisleading-indentation -Wno-packed-bitfield-compat -Wsuggest-attribute=noreturn -Wsuggest-attribute=format -Wimplicit-fallthrough=0 -Wduplicated-cond -Wrestrict  -fPIC  conftest.c  -L. -L/home/ubuntu/.rvm/rubies/ruby-2.5.0/lib -Wl,-rpath,/home/ubuntu/.rvm/rubies/ruby-2.5.0/lib -L. -fstack-protector -rdynamic -Wl,-export-dynamic -L/home/ubuntu/Bugsinc/bugsinc/vendor/cache/ruby/2.5.0/gems/sqlite3-1.5.3/ports/x86_64-linux-gnu/sqlite3/3.39.4/lib -L/home/ubuntu/Bugsinc/bugsinc/vendor/cache/ruby/2.5.0/gems/sqlite3-1.5.3/ports/x86_64-linux-gnu/sqlite3/3.39.4/lib -lsqlite3 -lz -lm -ldl     -lsqlite3 -Wl,-rpath,'/../lib' -Wl,-rpath,'/../lib' -lruby -lpthread -lpthread -lgmp -ldl -lcrypt -lm   -lc"
checked program was:
/* begin */
1: #include "ruby.h"
2: 
3: int main(int argc, char **argv)
4: {
5:   return 0;
6: }
/* end */

--------------------

block in append_cppflags: checking for whether -DTAINTING_SUPPORT is accepted as CPPFLAGS... -------------------- yes

"gcc -E -I/home/ubuntu/.rvm/rubies/ruby-2.5.0/include/ruby-2.5.0/x86_64-linux -I/home/ubuntu/.rvm/rubies/ruby-2.5.0/include/ruby-2.5.0/ruby/backward -I/home/ubuntu/.rvm/rubies/ruby-2.5.0/include/ruby-2.5.0 -I. -I/home/ubuntu/Bugsinc/bugsinc/vendor/cache/ruby/2.5.0/gems/sqlite3-1.5.3/ports/x86_64-linux-gnu/sqlite3/3.39.4/include    -O3 -ggdb3 -Wall -Wextra -Wno-unused-parameter -Wno-parentheses -Wno-long-long -Wno-missing-field-initializers -Wno-tautological-compare -Wno-parentheses-equality -Wno-constant-logical-operand -Wno-self-assign -Wunused-variable -Wimplicit-int -Wpointer-arith -Wwrite-strings -Wdeclaration-after-statement -Wimplicit-function-declaration -Wdeprecated-declarations -Wmisleading-indentation -Wno-packed-bitfield-compat -Wsuggest-attribute=noreturn -Wsuggest-attribute=format -Wimplicit-fallthrough=0 -Wduplicated-cond -Wrestrict  -fPIC  -DTAINTING_SUPPORT conftest.c -o conftest.i"
checked program was:
/* begin */
1: #include "ruby.h"
2: 
3: int main(int argc, char **argv)
4: {
5:   return 0;
6: }
/* end */

--------------------

find_header: checking for sqlite3.h... -------------------- yes

"gcc -E -I/home/ubuntu/.rvm/rubies/ruby-2.5.0/include/ruby-2.5.0/x86_64-linux -I/home/ubuntu/.rvm/rubies/ruby-2.5.0/include/ruby-2.5.0/ruby/backward -I/home/ubuntu/.rvm/rubies/ruby-2.5.0/include/ruby-2.5.0 -I. -I/home/ubuntu/Bugsinc/bugsinc/vendor/cache/ruby/2.5.0/gems/sqlite3-1.5.3/ports/x86_64-linux-gnu/sqlite3/3.39.4/include    -DTAINTING_SUPPORT -O3 -ggdb3 -Wall -Wextra -Wno-unused-parameter -Wno-parentheses -Wno-long-long -Wno-missing-field-initializers -Wno-tautological-compare -Wno-parentheses-equality -Wno-constant-logical-operand -Wno-self-assign -Wunused-variable -Wimplicit-int -Wpointer-arith -Wwrite-strings -Wdeclaration-after-statement -Wimplicit-function-declaration -Wdeprecated-declarations -Wmisleading-indentation -Wno-packed-bitfield-compat -Wsuggest-attribute=noreturn -Wsuggest-attribute=format -Wimplicit-fallthrough=0 -Wduplicated-cond -Wrestrict  -fPIC   conftest.c -o conftest.i"
checked program was:
/* begin */
1: #include "ruby.h"
2: 
3: #include <sqlite3.h>
/* end */

--------------------

find_library: checking for sqlite3_libversion_number() in -lsqlite3... -------------------- yes

"gcc -o conftest -I/home/ubuntu/.rvm/rubies/ruby-2.5.0/include/ruby-2.5.0/x86_64-linux -I/home/ubuntu/.rvm/rubies/ruby-2.5.0/include/ruby-2.5.0/ruby/backward -I/home/ubuntu/.rvm/rubies/ruby-2.5.0/include/ruby-2.5.0 -I. -I/home/ubuntu/Bugsinc/bugsinc/vendor/cache/ruby/2.5.0/gems/sqlite3-1.5.3/ports/x86_64-linux-gnu/sqlite3/3.39.4/include    -DTAINTING_SUPPORT -O3 -ggdb3 -Wall -Wextra -Wno-unused-parameter -Wno-parentheses -Wno-long-long -Wno-missing-field-initializers -Wno-tautological-compare -Wno-parentheses-equality -Wno-constant-logical-operand -Wno-self-assign -Wunused-variable -Wimplicit-int -Wpointer-arith -Wwrite-strings -Wdeclaration-after-statement -Wimplicit-function-declaration -Wdeprecated-declarations -Wmisleading-indentation -Wno-packed-bitfield-compat -Wsuggest-attribute=noreturn -Wsuggest-attribute=format -Wimplicit-fallthrough=0 -Wduplicated-cond -Wrestrict  -fPIC  conftest.c  -L. -L/home/ubuntu/.rvm/rubies/ruby-2.5.0/lib -Wl,-rpath,/home/ubuntu/.rvm/rubies/ruby-2.5.0/lib -L. -fstack-protector -rdynamic -Wl,-export-dynamic -L/home/ubuntu/Bugsinc/bugsinc/vendor/cache/ruby/2.5.0/gems/sqlite3-1.5.3/ports/x86_64-linux-gnu/sqlite3/3.39.4/lib -L/home/ubuntu/Bugsinc/bugsinc/vendor/cache/ruby/2.5.0/gems/sqlite3-1.5.3/ports/x86_64-linux-gnu/sqlite3/3.39.4/lib -lsqlite3 -lz -lm -ldl -lpthread     -lsqlite3 -Wl,-rpath,'/../lib' -Wl,-rpath,'/../lib' -lruby -lsqlite3  -lsqlite3 -lpthread -lgmp -ldl -lcrypt -lm   -lc"
conftest.c: In function ‘t’:
conftest.c:13:57: error: ‘sqlite3_libversion_number’ undeclared (first use in this function)
   13 | int t(void) { void ((*volatile p)()); p = (void ((*)()))sqlite3_libversion_number; return !p; }
      |                                                         ^~~~~~~~~~~~~~~~~~~~~~~~~
conftest.c:13:57: note: each undeclared identifier is reported only once for each function it appears in
conftest.c: At top level:
cc1: warning: unrecognized command line option ‘-Wno-self-assign’
cc1: warning: unrecognized command line option ‘-Wno-constant-logical-operand’
cc1: warning: unrecognized command line option ‘-Wno-parentheses-equality’
checked program was:
/* begin */
 1: #include "ruby.h"
 2: 
 3: /*top*/
 4: extern int t(void);
 5: int main(int argc, char **argv)
 6: {
 7:   if (argc > 1000000) {
 8:     printf("%p", &t);
 9:   }
10: 
11:   return 0;
12: }
13: int t(void) { void ((*volatile p)()); p = (void ((*)()))sqlite3_libversion_number; return !p; }
/* end */

"gcc -o conftest -I/home/ubuntu/.rvm/rubies/ruby-2.5.0/include/ruby-2.5.0/x86_64-linux -I/home/ubuntu/.rvm/rubies/ruby-2.5.0/include/ruby-2.5.0/ruby/backward -I/home/ubuntu/.rvm/rubies/ruby-2.5.0/include/ruby-2.5.0 -I. -I/home/ubuntu/Bugsinc/bugsinc/vendor/cache/ruby/2.5.0/gems/sqlite3-1.5.3/ports/x86_64-linux-gnu/sqlite3/3.39.4/include    -DTAINTING_SUPPORT -O3 -ggdb3 -Wall -Wextra -Wno-unused-parameter -Wno-parentheses -Wno-long-long -Wno-missing-field-initializers -Wno-tautological-compare -Wno-parentheses-equality -Wno-constant-logical-operand -Wno-self-assign -Wunused-variable -Wimplicit-int -Wpointer-arith -Wwrite-strings -Wdeclaration-after-statement -Wimplicit-function-declaration -Wdeprecated-declarations -Wmisleading-indentation -Wno-packed-bitfield-compat -Wsuggest-attribute=noreturn -Wsuggest-attribute=format -Wimplicit-fallthrough=0 -Wduplicated-cond -Wrestrict  -fPIC  conftest.c  -L. -L/home/ubuntu/.rvm/rubies/ruby-2.5.0/lib -Wl,-rpath,/home/ubuntu/.rvm/rubies/ruby-2.5.0/lib -L. -fstack-protector -rdynamic -Wl,-export-dynamic -L/home/ubuntu/Bugsinc/bugsinc/vendor/cache/ruby/2.5.0/gems/sqlite3-1.5.3/ports/x86_64-linux-gnu/sqlite3/3.39.4/lib -L/home/ubuntu/Bugsinc/bugsinc/vendor/cache/ruby/2.5.0/gems/sqlite3-1.5.3/ports/x86_64-linux-gnu/sqlite3/3.39.4/lib -lsqlite3 -lz -lm -ldl -lpthread     -lsqlite3 -Wl,-rpath,'/../lib' -Wl,-rpath,'/../lib' -lruby -lsqlite3  -lsqlite3 -lpthread -lgmp -ldl -lcrypt -lm   -lc"
checked program was:
/* begin */
 1: #include "ruby.h"
 2: 
 3: /*top*/
 4: extern int t(void);
 5: int main(int argc, char **argv)
 6: {
 7:   if (argc > 1000000) {
 8:     printf("%p", &t);
 9:   }
10: 
11:   return 0;
12: }
13: extern void sqlite3_libversion_number();
14: int t(void) { sqlite3_libversion_number(); return 0; }
/* end */

--------------------

have_func: checking for rb_proc_arity()... -------------------- yes

"gcc -o conftest -I/home/ubuntu/.rvm/rubies/ruby-2.5.0/include/ruby-2.5.0/x86_64-linux -I/home/ubuntu/.rvm/rubies/ruby-2.5.0/include/ruby-2.5.0/ruby/backward -I/home/ubuntu/.rvm/rubies/ruby-2.5.0/include/ruby-2.5.0 -I. -I/home/ubuntu/Bugsinc/bugsinc/vendor/cache/ruby/2.5.0/gems/sqlite3-1.5.3/ports/x86_64-linux-gnu/sqlite3/3.39.4/include    -DTAINTING_SUPPORT -O3 -ggdb3 -Wall -Wextra -Wno-unused-parameter -Wno-parentheses -Wno-long-long -Wno-missing-field-initializers -Wno-tautological-compare -Wno-parentheses-equality -Wno-constant-logical-operand -Wno-self-assign -Wunused-variable -Wimplicit-int -Wpointer-arith -Wwrite-strings -Wdeclaration-after-statement -Wimplicit-function-declaration -Wdeprecated-declarations -Wmisleading-indentation -Wno-packed-bitfield-compat -Wsuggest-attribute=noreturn -Wsuggest-attribute=format -Wimplicit-fallthrough=0 -Wduplicated-cond -Wrestrict  -fPIC  conftest.c  -L. -L/home/ubuntu/.rvm/rubies/ruby-2.5.0/lib -Wl,-rpath,/home/ubuntu/.rvm/rubies/ruby-2.5.0/lib -L. -fstack-protector -rdynamic -Wl,-export-dynamic -L/home/ubuntu/Bugsinc/bugsinc/vendor/cache/ruby/2.5.0/gems/sqlite3-1.5.3/ports/x86_64-linux-gnu/sqlite3/3.39.4/lib -L/home/ubuntu/Bugsinc/bugsinc/vendor/cache/ruby/2.5.0/gems/sqlite3-1.5.3/ports/x86_64-linux-gnu/sqlite3/3.39.4/lib -lsqlite3 -lz -lm -ldl -lpthread    -lsqlite3  -lsqlite3 -Wl,-rpath,'/../lib' -Wl,-rpath,'/../lib' -lruby -lsqlite3  -lsqlite3 -lpthread -lgmp -ldl -lcrypt -lm   -lc"
conftest.c: In function ‘t’:
conftest.c:13:43: warning: cast between incompatible function types from ‘int (*)(VALUE)’ {aka ‘int (*)(long unsigned int)’} to ‘void (*)()’ [-Wcast-function-type]
   13 | int t(void) { void ((*volatile p)()); p = (void ((*)()))rb_proc_arity; return !p; }
      |                                           ^
conftest.c: At top level:
cc1: warning: unrecognized command line option ‘-Wno-self-assign’
cc1: warning: unrecognized command line option ‘-Wno-constant-logical-operand’
cc1: warning: unrecognized command line option ‘-Wno-parentheses-equality’
checked program was:
/* begin */
 1: #include "ruby.h"
 2: 
 3: /*top*/
 4: extern int t(void);
 5: int main(int argc, char **argv)
 6: {
 7:   if (argc > 1000000) {
 8:     printf("%p", &t);
 9:   }
10: 
11:   return 0;
12: }
13: int t(void) { void ((*volatile p)()); p = (void ((*)()))rb_proc_arity; return !p; }
/* end */

--------------------

have_func: checking for rb_integer_pack()... -------------------- yes

"gcc -o conftest -I/home/ubuntu/.rvm/rubies/ruby-2.5.0/include/ruby-2.5.0/x86_64-linux -I/home/ubuntu/.rvm/rubies/ruby-2.5.0/include/ruby-2.5.0/ruby/backward -I/home/ubuntu/.rvm/rubies/ruby-2.5.0/include/ruby-2.5.0 -I. -I/home/ubuntu/Bugsinc/bugsinc/vendor/cache/ruby/2.5.0/gems/sqlite3-1.5.3/ports/x86_64-linux-gnu/sqlite3/3.39.4/include    -DTAINTING_SUPPORT -O3 -ggdb3 -Wall -Wextra -Wno-unused-parameter -Wno-parentheses -Wno-long-long -Wno-missing-field-initializers -Wno-tautological-compare -Wno-parentheses-equality -Wno-constant-logical-operand -Wno-self-assign -Wunused-variable -Wimplicit-int -Wpointer-arith -Wwrite-strings -Wdeclaration-after-statement -Wimplicit-function-declaration -Wdeprecated-declarations -Wmisleading-indentation -Wno-packed-bitfield-compat -Wsuggest-attribute=noreturn -Wsuggest-attribute=format -Wimplicit-fallthrough=0 -Wduplicated-cond -Wrestrict  -fPIC  conftest.c  -L. -L/home/ubuntu/.rvm/rubies/ruby-2.5.0/lib -Wl,-rpath,/home/ubuntu/.rvm/rubies/ruby-2.5.0/lib -L. -fstack-protector -rdynamic -Wl,-export-dynamic -L/home/ubuntu/Bugsinc/bugsinc/vendor/cache/ruby/2.5.0/gems/sqlite3-1.5.3/ports/x86_64-linux-gnu/sqlite3/3.39.4/lib -L/home/ubuntu/Bugsinc/bugsinc/vendor/cache/ruby/2.5.0/gems/sqlite3-1.5.3/ports/x86_64-linux-gnu/sqlite3/3.39.4/lib -lsqlite3 -lz -lm -ldl -lpthread    -lsqlite3  -lsqlite3 -Wl,-rpath,'/../lib' -Wl,-rpath,'/../lib' -lruby -lsqlite3  -lsqlite3 -lpthread -lgmp -ldl -lcrypt -lm   -lc"
conftest.c: In function ‘t’:
conftest.c:13:43: warning: cast between incompatible function types from ‘int (*)(VALUE,  void *, size_t,  size_t,  size_t,  int)’ {aka ‘int (*)(long unsigned int,  void *, long unsigned int,  long unsigned int,  long unsigned int,  int)’} to ‘void (*)()’ [-Wcast-function-type]
   13 | int t(void) { void ((*volatile p)()); p = (void ((*)()))rb_integer_pack; return !p; }
      |                                           ^
conftest.c: At top level:
cc1: warning: unrecognized command line option ‘-Wno-self-assign’
cc1: warning: unrecognized command line option ‘-Wno-constant-logical-operand’
cc1: warning: unrecognized command line option ‘-Wno-parentheses-equality’
checked program was:
/* begin */
 1: #include "ruby.h"
 2: 
 3: /*top*/
 4: extern int t(void);
 5: int main(int argc, char **argv)
 6: {
 7:   if (argc > 1000000) {
 8:     printf("%p", &t);
 9:   }
10: 
11:   return 0;
12: }
13: int t(void) { void ((*volatile p)()); p = (void ((*)()))rb_integer_pack; return !p; }
/* end */

--------------------

have_func: checking for sqlite3_initialize()... -------------------- yes

"gcc -o conftest -I/home/ubuntu/.rvm/rubies/ruby-2.5.0/include/ruby-2.5.0/x86_64-linux -I/home/ubuntu/.rvm/rubies/ruby-2.5.0/include/ruby-2.5.0/ruby/backward -I/home/ubuntu/.rvm/rubies/ruby-2.5.0/include/ruby-2.5.0 -I. -I/home/ubuntu/Bugsinc/bugsinc/vendor/cache/ruby/2.5.0/gems/sqlite3-1.5.3/ports/x86_64-linux-gnu/sqlite3/3.39.4/include    -DTAINTING_SUPPORT -O3 -ggdb3 -Wall -Wextra -Wno-unused-parameter -Wno-parentheses -Wno-long-long -Wno-missing-field-initializers -Wno-tautological-compare -Wno-parentheses-equality -Wno-constant-logical-operand -Wno-self-assign -Wunused-variable -Wimplicit-int -Wpointer-arith -Wwrite-strings -Wdeclaration-after-statement -Wimplicit-function-declaration -Wdeprecated-declarations -Wmisleading-indentation -Wno-packed-bitfield-compat -Wsuggest-attribute=noreturn -Wsuggest-attribute=format -Wimplicit-fallthrough=0 -Wduplicated-cond -Wrestrict  -fPIC  conftest.c  -L. -L/home/ubuntu/.rvm/rubies/ruby-2.5.0/lib -Wl,-rpath,/home/ubuntu/.rvm/rubies/ruby-2.5.0/lib -L. -fstack-protector -rdynamic -Wl,-export-dynamic -L/home/ubuntu/Bugsinc/bugsinc/vendor/cache/ruby/2.5.0/gems/sqlite3-1.5.3/ports/x86_64-linux-gnu/sqlite3/3.39.4/lib -L/home/ubuntu/Bugsinc/bugsinc/vendor/cache/ruby/2.5.0/gems/sqlite3-1.5.3/ports/x86_64-linux-gnu/sqlite3/3.39.4/lib -lsqlite3 -lz -lm -ldl -lpthread    -lsqlite3  -lsqlite3 -Wl,-rpath,'/../lib' -Wl,-rpath,'/../lib' -lruby -lsqlite3  -lsqlite3 -lpthread -lgmp -ldl -lcrypt -lm   -lc"
conftest.c: In function ‘t’:
conftest.c:13:57: error: ‘sqlite3_initialize’ undeclared (first use in this function)
   13 | int t(void) { void ((*volatile p)()); p = (void ((*)()))sqlite3_initialize; return !p; }
      |                                                         ^~~~~~~~~~~~~~~~~~
conftest.c:13:57: note: each undeclared identifier is reported only once for each function it appears in
conftest.c: At top level:
cc1: warning: unrecognized command line option ‘-Wno-self-assign’
cc1: warning: unrecognized command line option ‘-Wno-constant-logical-operand’
cc1: warning: unrecognized command line option ‘-Wno-parentheses-equality’
checked program was:
/* begin */
 1: #include "ruby.h"
 2: 
 3: /*top*/
 4: extern int t(void);
 5: int main(int argc, char **argv)
 6: {
 7:   if (argc > 1000000) {
 8:     printf("%p", &t);
 9:   }
10: 
11:   return 0;
12: }
13: int t(void) { void ((*volatile p)()); p = (void ((*)()))sqlite3_initialize; return !p; }
/* end */

"gcc -o conftest -I/home/ubuntu/.rvm/rubies/ruby-2.5.0/include/ruby-2.5.0/x86_64-linux -I/home/ubuntu/.rvm/rubies/ruby-2.5.0/include/ruby-2.5.0/ruby/backward -I/home/ubuntu/.rvm/rubies/ruby-2.5.0/include/ruby-2.5.0 -I. -I/home/ubuntu/Bugsinc/bugsinc/vendor/cache/ruby/2.5.0/gems/sqlite3-1.5.3/ports/x86_64-linux-gnu/sqlite3/3.39.4/include    -DTAINTING_SUPPORT -O3 -ggdb3 -Wall -Wextra -Wno-unused-parameter -Wno-parentheses -Wno-long-long -Wno-missing-field-initializers -Wno-tautological-compare -Wno-parentheses-equality -Wno-constant-logical-operand -Wno-self-assign -Wunused-variable -Wimplicit-int -Wpointer-arith -Wwrite-strings -Wdeclaration-after-statement -Wimplicit-function-declaration -Wdeprecated-declarations -Wmisleading-indentation -Wno-packed-bitfield-compat -Wsuggest-attribute=noreturn -Wsuggest-attribute=format -Wimplicit-fallthrough=0 -Wduplicated-cond -Wrestrict  -fPIC  conftest.c  -L. -L/home/ubuntu/.rvm/rubies/ruby-2.5.0/lib -Wl,-rpath,/home/ubuntu/.rvm/rubies/ruby-2.5.0/lib -L. -fstack-protector -rdynamic -Wl,-export-dynamic -L/home/ubuntu/Bugsinc/bugsinc/vendor/cache/ruby/2.5.0/gems/sqlite3-1.5.3/ports/x86_64-linux-gnu/sqlite3/3.39.4/lib -L/home/ubuntu/Bugsinc/bugsinc/vendor/cache/ruby/2.5.0/gems/sqlite3-1.5.3/ports/x86_64-linux-gnu/sqlite3/3.39.4/lib -lsqlite3 -lz -lm -ldl -lpthread    -lsqlite3  -lsqlite3 -Wl,-rpath,'/../lib' -Wl,-rpath,'/../lib' -lruby -lsqlite3  -lsqlite3 -lpthread -lgmp -ldl -lcrypt -lm   -lc"
checked program was:
/* begin */
 1: #include "ruby.h"
 2: 
 3: /*top*/
 4: extern int t(void);
 5: int main(int argc, char **argv)
 6: {
 7:   if (argc > 1000000) {
 8:     printf("%p", &t);
 9:   }
10: 
11:   return 0;
12: }
13: extern void sqlite3_initialize();
14: int t(void) { sqlite3_initialize(); return 0; }
/* end */

--------------------

have_func: checking for sqlite3_backup_init()... -------------------- yes

"gcc -o conftest -I/home/ubuntu/.rvm/rubies/ruby-2.5.0/include/ruby-2.5.0/x86_64-linux -I/home/ubuntu/.rvm/rubies/ruby-2.5.0/include/ruby-2.5.0/ruby/backward -I/home/ubuntu/.rvm/rubies/ruby-2.5.0/include/ruby-2.5.0 -I. -I/home/ubuntu/Bugsinc/bugsinc/vendor/cache/ruby/2.5.0/gems/sqlite3-1.5.3/ports/x86_64-linux-gnu/sqlite3/3.39.4/include    -DTAINTING_SUPPORT -O3 -ggdb3 -Wall -Wextra -Wno-unused-parameter -Wno-parentheses -Wno-long-long -Wno-missing-field-initializers -Wno-tautological-compare -Wno-parentheses-equality -Wno-constant-logical-operand -Wno-self-assign -Wunused-variable -Wimplicit-int -Wpointer-arith -Wwrite-strings -Wdeclaration-after-statement -Wimplicit-function-declaration -Wdeprecated-declarations -Wmisleading-indentation -Wno-packed-bitfield-compat -Wsuggest-attribute=noreturn -Wsuggest-attribute=format -Wimplicit-fallthrough=0 -Wduplicated-cond -Wrestrict  -fPIC  conftest.c  -L. -L/home/ubuntu/.rvm/rubies/ruby-2.5.0/lib -Wl,-rpath,/home/ubuntu/.rvm/rubies/ruby-2.5.0/lib -L. -fstack-protector -rdynamic -Wl,-export-dynamic -L/home/ubuntu/Bugsinc/bugsinc/vendor/cache/ruby/2.5.0/gems/sqlite3-1.5.3/ports/x86_64-linux-gnu/sqlite3/3.39.4/lib -L/home/ubuntu/Bugsinc/bugsinc/vendor/cache/ruby/2.5.0/gems/sqlite3-1.5.3/ports/x86_64-linux-gnu/sqlite3/3.39.4/lib -lsqlite3 -lz -lm -ldl -lpthread    -lsqlite3  -lsqlite3 -Wl,-rpath,'/../lib' -Wl,-rpath,'/../lib' -lruby -lsqlite3  -lsqlite3 -lpthread -lgmp -ldl -lcrypt -lm   -lc"
conftest.c: In function ‘t’:
conftest.c:13:57: error: ‘sqlite3_backup_init’ undeclared (first use in this function)
   13 | int t(void) { void ((*volatile p)()); p = (void ((*)()))sqlite3_backup_init; return !p; }
      |                                                         ^~~~~~~~~~~~~~~~~~~
conftest.c:13:57: note: each undeclared identifier is reported only once for each function it appears in
conftest.c: At top level:
cc1: warning: unrecognized command line option ‘-Wno-self-assign’
cc1: warning: unrecognized command line option ‘-Wno-constant-logical-operand’
cc1: warning: unrecognized command line option ‘-Wno-parentheses-equality’
checked program was:
/* begin */
 1: #include "ruby.h"
 2: 
 3: /*top*/
 4: extern int t(void);
 5: int main(int argc, char **argv)
 6: {
 7:   if (argc > 1000000) {
 8:     printf("%p", &t);
 9:   }
10: 
11:   return 0;
12: }
13: int t(void) { void ((*volatile p)()); p = (void ((*)()))sqlite3_backup_init; return !p; }
/* end */

"gcc -o conftest -I/home/ubuntu/.rvm/rubies/ruby-2.5.0/include/ruby-2.5.0/x86_64-linux -I/home/ubuntu/.rvm/rubies/ruby-2.5.0/include/ruby-2.5.0/ruby/backward -I/home/ubuntu/.rvm/rubies/ruby-2.5.0/include/ruby-2.5.0 -I. -I/home/ubuntu/Bugsinc/bugsinc/vendor/cache/ruby/2.5.0/gems/sqlite3-1.5.3/ports/x86_64-linux-gnu/sqlite3/3.39.4/include    -DTAINTING_SUPPORT -O3 -ggdb3 -Wall -Wextra -Wno-unused-parameter -Wno-parentheses -Wno-long-long -Wno-missing-field-initializers -Wno-tautological-compare -Wno-parentheses-equality -Wno-constant-logical-operand -Wno-self-assign -Wunused-variable -Wimplicit-int -Wpointer-arith -Wwrite-strings -Wdeclaration-after-statement -Wimplicit-function-declaration -Wdeprecated-declarations -Wmisleading-indentation -Wno-packed-bitfield-compat -Wsuggest-attribute=noreturn -Wsuggest-attribute=format -Wimplicit-fallthrough=0 -Wduplicated-cond -Wrestrict  -fPIC  conftest.c  -L. -L/home/ubuntu/.rvm/rubies/ruby-2.5.0/lib -Wl,-rpath,/home/ubuntu/.rvm/rubies/ruby-2.5.0/lib -L. -fstack-protector -rdynamic -Wl,-export-dynamic -L/home/ubuntu/Bugsinc/bugsinc/vendor/cache/ruby/2.5.0/gems/sqlite3-1.5.3/ports/x86_64-linux-gnu/sqlite3/3.39.4/lib -L/home/ubuntu/Bugsinc/bugsinc/vendor/cache/ruby/2.5.0/gems/sqlite3-1.5.3/ports/x86_64-linux-gnu/sqlite3/3.39.4/lib -lsqlite3 -lz -lm -ldl -lpthread    -lsqlite3  -lsqlite3 -Wl,-rpath,'/../lib' -Wl,-rpath,'/../lib' -lruby -lsqlite3  -lsqlite3 -lpthread -lgmp -ldl -lcrypt -lm   -lc"
checked program was:
/* begin */
 1: #include "ruby.h"
 2: 
 3: /*top*/
 4: extern int t(void);
 5: int main(int argc, char **argv)
 6: {
 7:   if (argc > 1000000) {
 8:     printf("%p", &t);
 9:   }
10: 
11:   return 0;
12: }
13: extern void sqlite3_backup_init();
14: int t(void) { sqlite3_backup_init(); return 0; }
/* end */

--------------------

have_func: checking for sqlite3_column_database_name()... -------------------- no

"gcc -o conftest -I/home/ubuntu/.rvm/rubies/ruby-2.5.0/include/ruby-2.5.0/x86_64-linux -I/home/ubuntu/.rvm/rubies/ruby-2.5.0/include/ruby-2.5.0/ruby/backward -I/home/ubuntu/.rvm/rubies/ruby-2.5.0/include/ruby-2.5.0 -I. -I/home/ubuntu/Bugsinc/bugsinc/vendor/cache/ruby/2.5.0/gems/sqlite3-1.5.3/ports/x86_64-linux-gnu/sqlite3/3.39.4/include    -DTAINTING_SUPPORT -O3 -ggdb3 -Wall -Wextra -Wno-unused-parameter -Wno-parentheses -Wno-long-long -Wno-missing-field-initializers -Wno-tautological-compare -Wno-parentheses-equality -Wno-constant-logical-operand -Wno-self-assign -Wunused-variable -Wimplicit-int -Wpointer-arith -Wwrite-strings -Wdeclaration-after-statement -Wimplicit-function-declaration -Wdeprecated-declarations -Wmisleading-indentation -Wno-packed-bitfield-compat -Wsuggest-attribute=noreturn -Wsuggest-attribute=format -Wimplicit-fallthrough=0 -Wduplicated-cond -Wrestrict  -fPIC  conftest.c  -L. -L/home/ubuntu/.rvm/rubies/ruby-2.5.0/lib -Wl,-rpath,/home/ubuntu/.rvm/rubies/ruby-2.5.0/lib -L. -fstack-protector -rdynamic -Wl,-export-dynamic -L/home/ubuntu/Bugsinc/bugsinc/vendor/cache/ruby/2.5.0/gems/sqlite3-1.5.3/ports/x86_64-linux-gnu/sqlite3/3.39.4/lib -L/home/ubuntu/Bugsinc/bugsinc/vendor/cache/ruby/2.5.0/gems/sqlite3-1.5.3/ports/x86_64-linux-gnu/sqlite3/3.39.4/lib -lsqlite3 -lz -lm -ldl -lpthread    -lsqlite3  -lsqlite3 -Wl,-rpath,'/../lib' -Wl,-rpath,'/../lib' -lruby -lsqlite3  -lsqlite3 -lpthread -lgmp -ldl -lcrypt -lm   -lc"
conftest.c: In function ‘t’:
conftest.c:13:57: error: ‘sqlite3_column_database_name’ undeclared (first use in this function)
   13 | int t(void) { void ((*volatile p)()); p = (void ((*)()))sqlite3_column_database_name; return !p; }
      |                                                         ^~~~~~~~~~~~~~~~~~~~~~~~~~~~
conftest.c:13:57: note: each undeclared identifier is reported only once for each function it appears in
conftest.c: At top level:
cc1: warning: unrecognized command line option ‘-Wno-self-assign’
cc1: warning: unrecognized command line option ‘-Wno-constant-logical-operand’
cc1: warning: unrecognized command line option ‘-Wno-parentheses-equality’
checked program was:
/* begin */
 1: #include "ruby.h"
 2: 
 3: /*top*/
 4: extern int t(void);
 5: int main(int argc, char **argv)
 6: {
 7:   if (argc > 1000000) {
 8:     printf("%p", &t);
 9:   }
10: 
11:   return 0;
12: }
13: int t(void) { void ((*volatile p)()); p = (void ((*)()))sqlite3_column_database_name; return !p; }
/* end */

"gcc -o conftest -I/home/ubuntu/.rvm/rubies/ruby-2.5.0/include/ruby-2.5.0/x86_64-linux -I/home/ubuntu/.rvm/rubies/ruby-2.5.0/include/ruby-2.5.0/ruby/backward -I/home/ubuntu/.rvm/rubies/ruby-2.5.0/include/ruby-2.5.0 -I. -I/home/ubuntu/Bugsinc/bugsinc/vendor/cache/ruby/2.5.0/gems/sqlite3-1.5.3/ports/x86_64-linux-gnu/sqlite3/3.39.4/include    -DTAINTING_SUPPORT -O3 -ggdb3 -Wall -Wextra -Wno-unused-parameter -Wno-parentheses -Wno-long-long -Wno-missing-field-initializers -Wno-tautological-compare -Wno-parentheses-equality -Wno-constant-logical-operand -Wno-self-assign -Wunused-variable -Wimplicit-int -Wpointer-arith -Wwrite-strings -Wdeclaration-after-statement -Wimplicit-function-declaration -Wdeprecated-declarations -Wmisleading-indentation -Wno-packed-bitfield-compat -Wsuggest-attribute=noreturn -Wsuggest-attribute=format -Wimplicit-fallthrough=0 -Wduplicated-cond -Wrestrict  -fPIC  conftest.c  -L. -L/home/ubuntu/.rvm/rubies/ruby-2.5.0/lib -Wl,-rpath,/home/ubuntu/.rvm/rubies/ruby-2.5.0/lib -L. -fstack-protector -rdynamic -Wl,-export-dynamic -L/home/ubuntu/Bugsinc/bugsinc/vendor/cache/ruby/2.5.0/gems/sqlite3-1.5.3/ports/x86_64-linux-gnu/sqlite3/3.39.4/lib -L/home/ubuntu/Bugsinc/bugsinc/vendor/cache/ruby/2.5.0/gems/sqlite3-1.5.3/ports/x86_64-linux-gnu/sqlite3/3.39.4/lib -lsqlite3 -lz -lm -ldl -lpthread    -lsqlite3  -lsqlite3 -Wl,-rpath,'/../lib' -Wl,-rpath,'/../lib' -lruby -lsqlite3  -lsqlite3 -lpthread -lgmp -ldl -lcrypt -lm   -lc"
/usr/bin/ld: /tmp/ccK3EQ0s.o: in function `t':
/home/ubuntu/Bugsinc/bugsinc/vendor/cache/ruby/2.5.0/gems/sqlite3-1.5.3/ext/sqlite3/conftest.c:14: undefined reference to `sqlite3_column_database_name'
collect2: error: ld returned 1 exit status
checked program was:
/* begin */
 1: #include "ruby.h"
 2: 
 3: /*top*/
 4: extern int t(void);
 5: int main(int argc, char **argv)
 6: {
 7:   if (argc > 1000000) {
 8:     printf("%p", &t);
 9:   }
10: 
11:   return 0;
12: }
13: extern void sqlite3_column_database_name();
14: int t(void) { sqlite3_column_database_name(); return 0; }
/* end */

--------------------

have_func: checking for sqlite3_enable_load_extension()... -------------------- yes

"gcc -o conftest -I/home/ubuntu/.rvm/rubies/ruby-2.5.0/include/ruby-2.5.0/x86_64-linux -I/home/ubuntu/.rvm/rubies/ruby-2.5.0/include/ruby-2.5.0/ruby/backward -I/home/ubuntu/.rvm/rubies/ruby-2.5.0/include/ruby-2.5.0 -I. -I/home/ubuntu/Bugsinc/bugsinc/vendor/cache/ruby/2.5.0/gems/sqlite3-1.5.3/ports/x86_64-linux-gnu/sqlite3/3.39.4/include    -DTAINTING_SUPPORT -O3 -ggdb3 -Wall -Wextra -Wno-unused-parameter -Wno-parentheses -Wno-long-long -Wno-missing-field-initializers -Wno-tautological-compare -Wno-parentheses-equality -Wno-constant-logical-operand -Wno-self-assign -Wunused-variable -Wimplicit-int -Wpointer-arith -Wwrite-strings -Wdeclaration-after-statement -Wimplicit-function-declaration -Wdeprecated-declarations -Wmisleading-indentation -Wno-packed-bitfield-compat -Wsuggest-attribute=noreturn -Wsuggest-attribute=format -Wimplicit-fallthrough=0 -Wduplicated-cond -Wrestrict  -fPIC  conftest.c  -L. -L/home/ubuntu/.rvm/rubies/ruby-2.5.0/lib -Wl,-rpath,/home/ubuntu/.rvm/rubies/ruby-2.5.0/lib -L. -fstack-protector -rdynamic -Wl,-export-dynamic -L/home/ubuntu/Bugsinc/bugsinc/vendor/cache/ruby/2.5.0/gems/sqlite3-1.5.3/ports/x86_64-linux-gnu/sqlite3/3.39.4/lib -L/home/ubuntu/Bugsinc/bugsinc/vendor/cache/ruby/2.5.0/gems/sqlite3-1.5.3/ports/x86_64-linux-gnu/sqlite3/3.39.4/lib -lsqlite3 -lz -lm -ldl -lpthread    -lsqlite3  -lsqlite3 -Wl,-rpath,'/../lib' -Wl,-rpath,'/../lib' -lruby -lsqlite3  -lsqlite3 -lpthread -lgmp -ldl -lcrypt -lm   -lc"
conftest.c: In function ‘t’:
conftest.c:13:57: error: ‘sqlite3_enable_load_extension’ undeclared (first use in this function)
   13 | int t(void) { void ((*volatile p)()); p = (void ((*)()))sqlite3_enable_load_extension; return !p; }
      |                                                         ^~~~~~~~~~~~~~~~~~~~~~~~~~~~~
conftest.c:13:57: note: each undeclared identifier is reported only once for each function it appears in
conftest.c: At top level:
cc1: warning: unrecognized command line option ‘-Wno-self-assign’
cc1: warning: unrecognized command line option ‘-Wno-constant-logical-operand’
cc1: warning: unrecognized command line option ‘-Wno-parentheses-equality’
checked program was:
/* begin */
 1: #include "ruby.h"
 2: 
 3: /*top*/
 4: extern int t(void);
 5: int main(int argc, char **argv)
 6: {
 7:   if (argc > 1000000) {
 8:     printf("%p", &t);
 9:   }
10: 
11:   return 0;
12: }
13: int t(void) { void ((*volatile p)()); p = (void ((*)()))sqlite3_enable_load_extension; return !p; }
/* end */

"gcc -o conftest -I/home/ubuntu/.rvm/rubies/ruby-2.5.0/include/ruby-2.5.0/x86_64-linux -I/home/ubuntu/.rvm/rubies/ruby-2.5.0/include/ruby-2.5.0/ruby/backward -I/home/ubuntu/.rvm/rubies/ruby-2.5.0/include/ruby-2.5.0 -I. -I/home/ubuntu/Bugsinc/bugsinc/vendor/cache/ruby/2.5.0/gems/sqlite3-1.5.3/ports/x86_64-linux-gnu/sqlite3/3.39.4/include    -DTAINTING_SUPPORT -O3 -ggdb3 -Wall -Wextra -Wno-unused-parameter -Wno-parentheses -Wno-long-long -Wno-missing-field-initializers -Wno-tautological-compare -Wno-parentheses-equality -Wno-constant-logical-operand -Wno-self-assign -Wunused-variable -Wimplicit-int -Wpointer-arith -Wwrite-strings -Wdeclaration-after-statement -Wimplicit-function-declaration -Wdeprecated-declarations -Wmisleading-indentation -Wno-packed-bitfield-compat -Wsuggest-attribute=noreturn -Wsuggest-attribute=format -Wimplicit-fallthrough=0 -Wduplicated-cond -Wrestrict  -fPIC  conftest.c  -L. -L/home/ubuntu/.rvm/rubies/ruby-2.5.0/lib -Wl,-rpath,/home/ubuntu/.rvm/rubies/ruby-2.5.0/lib -L. -fstack-protector -rdynamic -Wl,-export-dynamic -L/home/ubuntu/Bugsinc/bugsinc/vendor/cache/ruby/2.5.0/gems/sqlite3-1.5.3/ports/x86_64-linux-gnu/sqlite3/3.39.4/lib -L/home/ubuntu/Bugsinc/bugsinc/vendor/cache/ruby/2.5.0/gems/sqlite3-1.5.3/ports/x86_64-linux-gnu/sqlite3/3.39.4/lib -lsqlite3 -lz -lm -ldl -lpthread    -lsqlite3  -lsqlite3 -Wl,-rpath,'/../lib' -Wl,-rpath,'/../lib' -lruby -lsqlite3  -lsqlite3 -lpthread -lgmp -ldl -lcrypt -lm   -lc"
checked program was:
/* begin */
 1: #include "ruby.h"
 2: 
 3: /*top*/
 4: extern int t(void);
 5: int main(int argc, char **argv)
 6: {
 7:   if (argc > 1000000) {
 8:     printf("%p", &t);
 9:   }
10: 
11:   return 0;
12: }
13: extern void sqlite3_enable_load_extension();
14: int t(void) { sqlite3_enable_load_extension(); return 0; }
/* end */

--------------------

have_func: checking for sqlite3_load_extension()... -------------------- yes

"gcc -o conftest -I/home/ubuntu/.rvm/rubies/ruby-2.5.0/include/ruby-2.5.0/x86_64-linux -I/home/ubuntu/.rvm/rubies/ruby-2.5.0/include/ruby-2.5.0/ruby/backward -I/home/ubuntu/.rvm/rubies/ruby-2.5.0/include/ruby-2.5.0 -I. -I/home/ubuntu/Bugsinc/bugsinc/vendor/cache/ruby/2.5.0/gems/sqlite3-1.5.3/ports/x86_64-linux-gnu/sqlite3/3.39.4/include    -DTAINTING_SUPPORT -O3 -ggdb3 -Wall -Wextra -Wno-unused-parameter -Wno-parentheses -Wno-long-long -Wno-missing-field-initializers -Wno-tautological-compare -Wno-parentheses-equality -Wno-constant-logical-operand -Wno-self-assign -Wunused-variable -Wimplicit-int -Wpointer-arith -Wwrite-strings -Wdeclaration-after-statement -Wimplicit-function-declaration -Wdeprecated-declarations -Wmisleading-indentation -Wno-packed-bitfield-compat -Wsuggest-attribute=noreturn -Wsuggest-attribute=format -Wimplicit-fallthrough=0 -Wduplicated-cond -Wrestrict  -fPIC  conftest.c  -L. -L/home/ubuntu/.rvm/rubies/ruby-2.5.0/lib -Wl,-rpath,/home/ubuntu/.rvm/rubies/ruby-2.5.0/lib -L. -fstack-protector -rdynamic -Wl,-export-dynamic -L/home/ubuntu/Bugsinc/bugsinc/vendor/cache/ruby/2.5.0/gems/sqlite3-1.5.3/ports/x86_64-linux-gnu/sqlite3/3.39.4/lib -L/home/ubuntu/Bugsinc/bugsinc/vendor/cache/ruby/2.5.0/gems/sqlite3-1.5.3/ports/x86_64-linux-gnu/sqlite3/3.39.4/lib -lsqlite3 -lz -lm -ldl -lpthread    -lsqlite3  -lsqlite3 -Wl,-rpath,'/../lib' -Wl,-rpath,'/../lib' -lruby -lsqlite3  -lsqlite3 -lpthread -lgmp -ldl -lcrypt -lm   -lc"
conftest.c: In function ‘t’:
conftest.c:13:57: error: ‘sqlite3_load_extension’ undeclared (first use in this function)
   13 | int t(void) { void ((*volatile p)()); p = (void ((*)()))sqlite3_load_extension; return !p; }
      |                                                         ^~~~~~~~~~~~~~~~~~~~~~
conftest.c:13:57: note: each undeclared identifier is reported only once for each function it appears in
conftest.c: At top level:
cc1: warning: unrecognized command line option ‘-Wno-self-assign’
cc1: warning: unrecognized command line option ‘-Wno-constant-logical-operand’
cc1: warning: unrecognized command line option ‘-Wno-parentheses-equality’
checked program was:
/* begin */
 1: #include "ruby.h"
 2: 
 3: /*top*/
 4: extern int t(void);
 5: int main(int argc, char **argv)
 6: {
 7:   if (argc > 1000000) {
 8:     printf("%p", &t);
 9:   }
10: 
11:   return 0;
12: }
13: int t(void) { void ((*volatile p)()); p = (void ((*)()))sqlite3_load_extension; return !p; }
/* end */

"gcc -o conftest -I/home/ubuntu/.rvm/rubies/ruby-2.5.0/include/ruby-2.5.0/x86_64-linux -I/home/ubuntu/.rvm/rubies/ruby-2.5.0/include/ruby-2.5.0/ruby/backward -I/home/ubuntu/.rvm/rubies/ruby-2.5.0/include/ruby-2.5.0 -I. -I/home/ubuntu/Bugsinc/bugsinc/vendor/cache/ruby/2.5.0/gems/sqlite3-1.5.3/ports/x86_64-linux-gnu/sqlite3/3.39.4/include    -DTAINTING_SUPPORT -O3 -ggdb3 -Wall -Wextra -Wno-unused-parameter -Wno-parentheses -Wno-long-long -Wno-missing-field-initializers -Wno-tautological-compare -Wno-parentheses-equality -Wno-constant-logical-operand -Wno-self-assign -Wunused-variable -Wimplicit-int -Wpointer-arith -Wwrite-strings -Wdeclaration-after-statement -Wimplicit-function-declaration -Wdeprecated-declarations -Wmisleading-indentation -Wno-packed-bitfield-compat -Wsuggest-attribute=noreturn -Wsuggest-attribute=format -Wimplicit-fallthrough=0 -Wduplicated-cond -Wrestrict  -fPIC  conftest.c  -L. -L/home/ubuntu/.rvm/rubies/ruby-2.5.0/lib -Wl,-rpath,/home/ubuntu/.rvm/rubies/ruby-2.5.0/lib -L. -fstack-protector -rdynamic -Wl,-export-dynamic -L/home/ubuntu/Bugsinc/bugsinc/vendor/cache/ruby/2.5.0/gems/sqlite3-1.5.3/ports/x86_64-linux-gnu/sqlite3/3.39.4/lib -L/home/ubuntu/Bugsinc/bugsinc/vendor/cache/ruby/2.5.0/gems/sqlite3-1.5.3/ports/x86_64-linux-gnu/sqlite3/3.39.4/lib -lsqlite3 -lz -lm -ldl -lpthread    -lsqlite3  -lsqlite3 -Wl,-rpath,'/../lib' -Wl,-rpath,'/../lib' -lruby -lsqlite3  -lsqlite3 -lpthread -lgmp -ldl -lcrypt -lm   -lc"
checked program was:
/* begin */
 1: #include "ruby.h"
 2: 
 3: /*top*/
 4: extern int t(void);
 5: int main(int argc, char **argv)
 6: {
 7:   if (argc > 1000000) {
 8:     printf("%p", &t);
 9:   }
10: 
11:   return 0;
12: }
13: extern void sqlite3_load_extension();
14: int t(void) { sqlite3_load_extension(); return 0; }
/* end */

--------------------

have_func: checking for sqlite3_open_v2()... -------------------- yes

"gcc -o conftest -I/home/ubuntu/.rvm/rubies/ruby-2.5.0/include/ruby-2.5.0/x86_64-linux -I/home/ubuntu/.rvm/rubies/ruby-2.5.0/include/ruby-2.5.0/ruby/backward -I/home/ubuntu/.rvm/rubies/ruby-2.5.0/include/ruby-2.5.0 -I. -I/home/ubuntu/Bugsinc/bugsinc/vendor/cache/ruby/2.5.0/gems/sqlite3-1.5.3/ports/x86_64-linux-gnu/sqlite3/3.39.4/include    -DTAINTING_SUPPORT -O3 -ggdb3 -Wall -Wextra -Wno-unused-parameter -Wno-parentheses -Wno-long-long -Wno-missing-field-initializers -Wno-tautological-compare -Wno-parentheses-equality -Wno-constant-logical-operand -Wno-self-assign -Wunused-variable -Wimplicit-int -Wpointer-arith -Wwrite-strings -Wdeclaration-after-statement -Wimplicit-function-declaration -Wdeprecated-declarations -Wmisleading-indentation -Wno-packed-bitfield-compat -Wsuggest-attribute=noreturn -Wsuggest-attribute=format -Wimplicit-fallthrough=0 -Wduplicated-cond -Wrestrict  -fPIC  conftest.c  -L. -L/home/ubuntu/.rvm/rubies/ruby-2.5.0/lib -Wl,-rpath,/home/ubuntu/.rvm/rubies/ruby-2.5.0/lib -L. -fstack-protector -rdynamic -Wl,-export-dynamic -L/home/ubuntu/Bugsinc/bugsinc/vendor/cache/ruby/2.5.0/gems/sqlite3-1.5.3/ports/x86_64-linux-gnu/sqlite3/3.39.4/lib -L/home/ubuntu/Bugsinc/bugsinc/vendor/cache/ruby/2.5.0/gems/sqlite3-1.5.3/ports/x86_64-linux-gnu/sqlite3/3.39.4/lib -lsqlite3 -lz -lm -ldl -lpthread    -lsqlite3  -lsqlite3 -Wl,-rpath,'/../lib' -Wl,-rpath,'/../lib' -lruby -lsqlite3  -lsqlite3 -lpthread -lgmp -ldl -lcrypt -lm   -lc"
conftest.c: In function ‘t’:
conftest.c:13:57: error: ‘sqlite3_open_v2’ undeclared (first use in this function)
   13 | int t(void) { void ((*volatile p)()); p = (void ((*)()))sqlite3_open_v2; return !p; }
      |                                                         ^~~~~~~~~~~~~~~
conftest.c:13:57: note: each undeclared identifier is reported only once for each function it appears in
conftest.c: At top level:
cc1: warning: unrecognized command line option ‘-Wno-self-assign’
cc1: warning: unrecognized command line option ‘-Wno-constant-logical-operand’
cc1: warning: unrecognized command line option ‘-Wno-parentheses-equality’
checked program was:
/* begin */
 1: #include "ruby.h"
 2: 
 3: /*top*/
 4: extern int t(void);
 5: int main(int argc, char **argv)
 6: {
 7:   if (argc > 1000000) {
 8:     printf("%p", &t);
 9:   }
10: 
11:   return 0;
12: }
13: int t(void) { void ((*volatile p)()); p = (void ((*)()))sqlite3_open_v2; return !p; }
/* end */

"gcc -o conftest -I/home/ubuntu/.rvm/rubies/ruby-2.5.0/include/ruby-2.5.0/x86_64-linux -I/home/ubuntu/.rvm/rubies/ruby-2.5.0/include/ruby-2.5.0/ruby/backward -I/home/ubuntu/.rvm/rubies/ruby-2.5.0/include/ruby-2.5.0 -I. -I/home/ubuntu/Bugsinc/bugsinc/vendor/cache/ruby/2.5.0/gems/sqlite3-1.5.3/ports/x86_64-linux-gnu/sqlite3/3.39.4/include    -DTAINTING_SUPPORT -O3 -ggdb3 -Wall -Wextra -Wno-unused-parameter -Wno-parentheses -Wno-long-long -Wno-missing-field-initializers -Wno-tautological-compare -Wno-parentheses-equality -Wno-constant-logical-operand -Wno-self-assign -Wunused-variable -Wimplicit-int -Wpointer-arith -Wwrite-strings -Wdeclaration-after-statement -Wimplicit-function-declaration -Wdeprecated-declarations -Wmisleading-indentation -Wno-packed-bitfield-compat -Wsuggest-attribute=noreturn -Wsuggest-attribute=format -Wimplicit-fallthrough=0 -Wduplicated-cond -Wrestrict  -fPIC  conftest.c  -L. -L/home/ubuntu/.rvm/rubies/ruby-2.5.0/lib -Wl,-rpath,/home/ubuntu/.rvm/rubies/ruby-2.5.0/lib -L. -fstack-protector -rdynamic -Wl,-export-dynamic -L/home/ubuntu/Bugsinc/bugsinc/vendor/cache/ruby/2.5.0/gems/sqlite3-1.5.3/ports/x86_64-linux-gnu/sqlite3/3.39.4/lib -L/home/ubuntu/Bugsinc/bugsinc/vendor/cache/ruby/2.5.0/gems/sqlite3-1.5.3/ports/x86_64-linux-gnu/sqlite3/3.39.4/lib -lsqlite3 -lz -lm -ldl -lpthread    -lsqlite3  -lsqlite3 -Wl,-rpath,'/../lib' -Wl,-rpath,'/../lib' -lruby -lsqlite3  -lsqlite3 -lpthread -lgmp -ldl -lcrypt -lm   -lc"
checked program was:
/* begin */
 1: #include "ruby.h"
 2: 
 3: /*top*/
 4: extern int t(void);
 5: int main(int argc, char **argv)
 6: {
 7:   if (argc > 1000000) {
 8:     printf("%p", &t);
 9:   }
10: 
11:   return 0;
12: }
13: extern void sqlite3_open_v2();
14: int t(void) { sqlite3_open_v2(); return 0; }
/* end */

--------------------

have_func: checking for sqlite3_prepare_v2()... -------------------- yes

"gcc -o conftest -I/home/ubuntu/.rvm/rubies/ruby-2.5.0/include/ruby-2.5.0/x86_64-linux -I/home/ubuntu/.rvm/rubies/ruby-2.5.0/include/ruby-2.5.0/ruby/backward -I/home/ubuntu/.rvm/rubies/ruby-2.5.0/include/ruby-2.5.0 -I. -I/home/ubuntu/Bugsinc/bugsinc/vendor/cache/ruby/2.5.0/gems/sqlite3-1.5.3/ports/x86_64-linux-gnu/sqlite3/3.39.4/include    -DTAINTING_SUPPORT -O3 -ggdb3 -Wall -Wextra -Wno-unused-parameter -Wno-parentheses -Wno-long-long -Wno-missing-field-initializers -Wno-tautological-compare -Wno-parentheses-equality -Wno-constant-logical-operand -Wno-self-assign -Wunused-variable -Wimplicit-int -Wpointer-arith -Wwrite-strings -Wdeclaration-after-statement -Wimplicit-function-declaration -Wdeprecated-declarations -Wmisleading-indentation -Wno-packed-bitfield-compat -Wsuggest-attribute=noreturn -Wsuggest-attribute=format -Wimplicit-fallthrough=0 -Wduplicated-cond -Wrestrict  -fPIC  conftest.c  -L. -L/home/ubuntu/.rvm/rubies/ruby-2.5.0/lib -Wl,-rpath,/home/ubuntu/.rvm/rubies/ruby-2.5.0/lib -L. -fstack-protector -rdynamic -Wl,-export-dynamic -L/home/ubuntu/Bugsinc/bugsinc/vendor/cache/ruby/2.5.0/gems/sqlite3-1.5.3/ports/x86_64-linux-gnu/sqlite3/3.39.4/lib -L/home/ubuntu/Bugsinc/bugsinc/vendor/cache/ruby/2.5.0/gems/sqlite3-1.5.3/ports/x86_64-linux-gnu/sqlite3/3.39.4/lib -lsqlite3 -lz -lm -ldl -lpthread    -lsqlite3  -lsqlite3 -Wl,-rpath,'/../lib' -Wl,-rpath,'/../lib' -lruby -lsqlite3  -lsqlite3 -lpthread -lgmp -ldl -lcrypt -lm   -lc"
conftest.c: In function ‘t’:
conftest.c:13:57: error: ‘sqlite3_prepare_v2’ undeclared (first use in this function)
   13 | int t(void) { void ((*volatile p)()); p = (void ((*)()))sqlite3_prepare_v2; return !p; }
      |                                                         ^~~~~~~~~~~~~~~~~~
conftest.c:13:57: note: each undeclared identifier is reported only once for each function it appears in
conftest.c: At top level:
cc1: warning: unrecognized command line option ‘-Wno-self-assign’
cc1: warning: unrecognized command line option ‘-Wno-constant-logical-operand’
cc1: warning: unrecognized command line option ‘-Wno-parentheses-equality’
checked program was:
/* begin */
 1: #include "ruby.h"
 2: 
 3: /*top*/
 4: extern int t(void);
 5: int main(int argc, char **argv)
 6: {
 7:   if (argc > 1000000) {
 8:     printf("%p", &t);
 9:   }
10: 
11:   return 0;
12: }
13: int t(void) { void ((*volatile p)()); p = (void ((*)()))sqlite3_prepare_v2; return !p; }
/* end */

"gcc -o conftest -I/home/ubuntu/.rvm/rubies/ruby-2.5.0/include/ruby-2.5.0/x86_64-linux -I/home/ubuntu/.rvm/rubies/ruby-2.5.0/include/ruby-2.5.0/ruby/backward -I/home/ubuntu/.rvm/rubies/ruby-2.5.0/include/ruby-2.5.0 -I. -I/home/ubuntu/Bugsinc/bugsinc/vendor/cache/ruby/2.5.0/gems/sqlite3-1.5.3/ports/x86_64-linux-gnu/sqlite3/3.39.4/include    -DTAINTING_SUPPORT -O3 -ggdb3 -Wall -Wextra -Wno-unused-parameter -Wno-parentheses -Wno-long-long -Wno-missing-field-initializers -Wno-tautological-compare -Wno-parentheses-equality -Wno-constant-logical-operand -Wno-self-assign -Wunused-variable -Wimplicit-int -Wpointer-arith -Wwrite-strings -Wdeclaration-after-statement -Wimplicit-function-declaration -Wdeprecated-declarations -Wmisleading-indentation -Wno-packed-bitfield-compat -Wsuggest-attribute=noreturn -Wsuggest-attribute=format -Wimplicit-fallthrough=0 -Wduplicated-cond -Wrestrict  -fPIC  conftest.c  -L. -L/home/ubuntu/.rvm/rubies/ruby-2.5.0/lib -Wl,-rpath,/home/ubuntu/.rvm/rubies/ruby-2.5.0/lib -L. -fstack-protector -rdynamic -Wl,-export-dynamic -L/home/ubuntu/Bugsinc/bugsinc/vendor/cache/ruby/2.5.0/gems/sqlite3-1.5.3/ports/x86_64-linux-gnu/sqlite3/3.39.4/lib -L/home/ubuntu/Bugsinc/bugsinc/vendor/cache/ruby/2.5.0/gems/sqlite3-1.5.3/ports/x86_64-linux-gnu/sqlite3/3.39.4/lib -lsqlite3 -lz -lm -ldl -lpthread    -lsqlite3  -lsqlite3 -Wl,-rpath,'/../lib' -Wl,-rpath,'/../lib' -lruby -lsqlite3  -lsqlite3 -lpthread -lgmp -ldl -lcrypt -lm   -lc"
checked program was:
/* begin */
 1: #include "ruby.h"
 2: 
 3: /*top*/
 4: extern int t(void);
 5: int main(int argc, char **argv)
 6: {
 7:   if (argc > 1000000) {
 8:     printf("%p", &t);
 9:   }
10: 
11:   return 0;
12: }
13: extern void sqlite3_prepare_v2();
14: int t(void) { sqlite3_prepare_v2(); return 0; }
/* end */

--------------------

have_type: checking for sqlite3_int64 in sqlite3.h... -------------------- yes

"gcc -I/home/ubuntu/.rvm/rubies/ruby-2.5.0/include/ruby-2.5.0/x86_64-linux -I/home/ubuntu/.rvm/rubies/ruby-2.5.0/include/ruby-2.5.0/ruby/backward -I/home/ubuntu/.rvm/rubies/ruby-2.5.0/include/ruby-2.5.0 -I. -I/home/ubuntu/Bugsinc/bugsinc/vendor/cache/ruby/2.5.0/gems/sqlite3-1.5.3/ports/x86_64-linux-gnu/sqlite3/3.39.4/include    -DTAINTING_SUPPORT -O3 -ggdb3 -Wall -Wextra -Wno-unused-parameter -Wno-parentheses -Wno-long-long -Wno-missing-field-initializers -Wno-tautological-compare -Wno-parentheses-equality -Wno-constant-logical-operand -Wno-self-assign -Wunused-variable -Wimplicit-int -Wpointer-arith -Wwrite-strings -Wdeclaration-after-statement -Wimplicit-function-declaration -Wdeprecated-declarations -Wmisleading-indentation -Wno-packed-bitfield-compat -Wsuggest-attribute=noreturn -Wsuggest-attribute=format -Wimplicit-fallthrough=0 -Wduplicated-cond -Wrestrict  -fPIC    -c conftest.c"
checked program was:
/* begin */
1: #include "ruby.h"
2: 
3: #include <sqlite3.h>
4: 
5: /*top*/
6: typedef sqlite3_int64 conftest_type;
7: int conftestval[sizeof(conftest_type)?1:-1];
/* end */

--------------------

have_type: checking for sqlite3_uint64 in sqlite3.h... -------------------- yes

"gcc -I/home/ubuntu/.rvm/rubies/ruby-2.5.0/include/ruby-2.5.0/x86_64-linux -I/home/ubuntu/.rvm/rubies/ruby-2.5.0/include/ruby-2.5.0/ruby/backward -I/home/ubuntu/.rvm/rubies/ruby-2.5.0/include/ruby-2.5.0 -I. -I/home/ubuntu/Bugsinc/bugsinc/vendor/cache/ruby/2.5.0/gems/sqlite3-1.5.3/ports/x86_64-linux-gnu/sqlite3/3.39.4/include    -DTAINTING_SUPPORT -O3 -ggdb3 -Wall -Wextra -Wno-unused-parameter -Wno-parentheses -Wno-long-long -Wno-missing-field-initializers -Wno-tautological-compare -Wno-parentheses-equality -Wno-constant-logical-operand -Wno-self-assign -Wunused-variable -Wimplicit-int -Wpointer-arith -Wwrite-strings -Wdeclaration-after-statement -Wimplicit-function-declaration -Wdeprecated-declarations -Wmisleading-indentation -Wno-packed-bitfield-compat -Wsuggest-attribute=noreturn -Wsuggest-attribute=format -Wimplicit-fallthrough=0 -Wduplicated-cond -Wrestrict  -fPIC    -c conftest.c"
checked program was:
/* begin */
1: #include "ruby.h"
2: 
3: #include <sqlite3.h>
4: 
5: /*top*/
6: typedef sqlite3_uint64 conftest_type;
7: int conftestval[sizeof(conftest_type)?1:-1];
/* end */

--------------------

